<?xml version="1.0" encoding="UTF-8"?>
<!-- Generated by org.testng.reporters.JUnitReportReporter -->
<testsuite skipped="0" hostname="ASDP1583PO02037" name="Testing.Testing" tests="5" failures="0" timestamp="02 Jul 2018 10:01:48 GMT" time="8.335" errors="0">
  <testcase name="Verify_Login_With_Blank_Username" time="0.338" classname="Testing.Testing"/>
  <testcase name="Verify_Login_With_Blank_Password" time="0.237" classname="Testing.Testing"/>
  <testcase name="Verify_Login_With_Invalid_Credentials" time="1.083" classname="Testing.Testing"/>
  <testcase name="Verify_Login_With_Valid_Credentials" time="3.865" classname="Testing.Testing"/>
  <testcase name="Verify_Logout" time="2.812" classname="Testing.Testing"/>
</testsuite> <!-- Testing.Testing -->
